#
# A fatal error has been detected by the Java Runtime Environment:
#
#  SIGSEGV (0xb) at pc=0x0000000000000000, pid=658682, tid=666858
#
# JRE version: Java(TM) SE Runtime Environment (17.0.6+9) (build 17.0.6+9-LTS-190)
# Java VM: Java HotSpot(TM) 64-Bit Server VM (17.0.6+9-LTS-190, mixed mode, emulated-client, sharing, tiered, compressed oops, compressed class ptrs, g1 gc, linux-amd64)
# Problematic frame:
# C  0x0000000000000000
#
# Core dump will be written. Default location: Core dumps may be processed with "/usr/lib/systemd/systemd-coredump %P %u %g %s %t %c %h" (or dumping to /home/himanshudhankhar/development/spring/store-monitoring/core.658682)
#
# If you would like to submit a bug report, please visit:
#   https://bugreport.java.com/bugreport/crash.jsp
#

---------------  S U M M A R Y ------------

Command Line: -XX:TieredStopAtLevel=1 com.example.storemonitoring.StoreMonitoringApplication

Host: Intel(R) Core(TM) i5-4210U CPU @ 1.70GHz, 4 cores, 7G, Fedora release 34 (Thirty Four)
Time: Thu Mar 23 09:55:38 2023 IST elapsed time: 851.451212 seconds (0d 0h 14m 11s)

---------------  T H R E A D  ---------------

Current thread (0x00007f02e006bbf0):  JavaThread "restartedMain" [_thread_in_Java, id=666858, stack(0x00007f03346f3000,0x00007f03347f4000)]

Stack: [0x00007f03346f3000,0x00007f03347f4000],  sp=0x00007f03347efd18,  free space=1011k

siginfo: si_signo: 11 (SIGSEGV), si_code: 1 (SEGV_MAPERR), si_addr: 0x0000000000000000

Register to memory mapping:

RAX=0x0000000087307240 is an oop: org.apache.catalina.core.ApplicationContextFacade 
{0x0000000087307240} - klass: 'org/apache/catalina/core/ApplicationContextFacade'
 - ---- fields (total size 3 words):
 - private final 'classCache' 'Ljava/util/Map;' @12  a 'java/util/HashMap'{0x0000000087307258} (87307258)
 - private final 'objectCache' 'Ljava/util/Map;' @16  a 'java/util/concurrent/ConcurrentHashMap'{0x0000000087307888} (87307888)
 - private final 'context' 'Lorg/apache/catalina/core/ApplicationContext;' @20  a 'org/apache/catalina/core/ApplicationContext'{0x00000000873078c8} (873078c8)
RBX=0x00007f0325f00758 is pointing into metadata
RCX=0x0000000088a21ea8 is an oop: org.springframework.web.servlet.config.annotation.ContentNegotiationConfigurer 
{0x0000000088a21ea8} - klass: 'org/springframework/web/servlet/config/annotation/ContentNegotiationConfigurer'
 - ---- fields (total size 3 words):

[error occurred during error reporting (printing register info), id 0xe0000000, Internal Error (open/src/hotspot/share/runtime/fieldDescriptor.cpp:116)]

Registers:
RAX=0x0000000087307240, RBX=0x00007f0325f00758, RCX=0x0000000088a21ea8, RDX=0x00007f03396f4116
RSP=0x00007f03347efd18, RBP=0x00007f03347efd80, RSI=0x0000000000000000, RDI=0x00007f03347eff10
R8 =0x00007f03396f7100, R9 =0x00007f03347f00a8, R10=0x00007f034c1cd2a0, R11=0x0000000800000000
R12=0x0000000000000000, R13=0x00007f03347efd20, R14=0x00007f03347efd98, R15=0x00007f02e006bbf0
RIP=0x0000000000000000, EFLAGS=0x0000000000010216, CSGSFS=0x002b000000000033, ERR=0x0000000000000014
  TRAPNO=0x000000000000000e

Top of Stack: (sp=0x00007f03347efd18)
0x00007f03347efd18:   00007f03396f4116 0000000087307240
0x00007f03347efd28:   0000000088a21ea8 0000000088a21ea8
0x00007f03347efd38:   00007f03347efd38 00007f0325ec28ef
0x00007f03347efd48:   00007f03347efd98 00007f0325ee5558 

Instructions: (pc=0x0000000000000000)
0xffffffffffffff00:   


Stack slot to memory mapping:
stack at sp + 0 slots: 0x00007f03396f4116 is at code_begin+822 in an Interpreter codelet
return entry points  [0x00007f03396f3de0, 0x00007f03396f4600]  2080 bytes
stack at sp + 1 slots: 0x0000000087307240 is an oop: org.apache.catalina.core.ApplicationContextFacade 
{0x0000000087307240} - klass: 'org/apache/catalina/core/ApplicationContextFacade'
 - ---- fields (total size 3 words):
 - private final 'classCache' 'Ljava/util/Map;' @12  a 'java/util/HashMap'{0x0000000087307258} (87307258)
 - private final 'objectCache' 'Ljava/util/Map;' @16  a 'java/util/concurrent/ConcurrentHashMap'{0x0000000087307888} (87307888)
 - private final 'context' 'Lorg/apache/catalina/core/ApplicationContext;' @20  a 'org/apache/catalina/core/ApplicationContext'{0x00000000873078c8} (873078c8)
stack at sp + 2 slots: 0x0000000088a21ea8 is an oop: org.springframework.web.servlet.config.annotation.ContentNegotiationConfigurer 
{0x0000000088a21ea8} - klass: 'org/springframework/web/servlet/config/annotation/ContentNegotiationConfigurer'
 - ---- fields (total size 3 words):

[error occurred during error reporting (inspecting top of stack), id 0xe0000000, Internal Error (open/src/hotspot/share/runtime/fieldDescriptor.cpp:116)]


---------------  P R O C E S S  ---------------

Threads class SMR info:
_java_thread_list=0x00007f02cc000bc0, length=19, elements={
0x00007f0344126600, 0x00007f03441279e0, 0x00007f034412cc00, 0x00007f034412dfb0,
0x00007f034412f3c0, 0x00007f03441308f0, 0x00007f0344131d70, 0x00007f03441498d0,
0x00007f034414d410, 0x00007f02d0854740, 0x00007f02d12414c0, 0x00007f0344025150,
0x00007f02a4025190, 0x00007f02e006bbf0, 0x00007f02c81a3f70, 0x00007f02c81a4820,
0x00007f02c81a5260, 0x00007f02c81a8e20, 0x00007f02cc0052a0
}

Java Threads: ( => current thread )
  0x00007f0344126600 JavaThread "Reference Handler" daemon [_thread_blocked, id=658691, stack(0x00007f03486cb000,0x00007f03487cc000)]
  0x00007f03441279e0 JavaThread "Finalizer" daemon [_thread_blocked, id=658692, stack(0x00007f03485ca000,0x00007f03486cb000)]
  0x00007f034412cc00 JavaThread "Signal Dispatcher" daemon [_thread_blocked, id=658693, stack(0x00007f03484c9000,0x00007f03485ca000)]
  0x00007f034412dfb0 JavaThread "Service Thread" daemon [_thread_blocked, id=658694, stack(0x00007f03483c8000,0x00007f03484c9000)]
  0x00007f034412f3c0 JavaThread "Monitor Deflation Thread" daemon [_thread_blocked, id=658695, stack(0x00007f03482c7000,0x00007f03483c8000)]
  0x00007f03441308f0 JavaThread "C1 CompilerThread0" daemon [_thread_blocked, id=658696, stack(0x00007f03481c6000,0x00007f03482c7000)]
  0x00007f0344131d70 JavaThread "Sweeper thread" daemon [_thread_blocked, id=658697, stack(0x00007f03480c5000,0x00007f03481c6000)]
  0x00007f03441498d0 JavaThread "Notification Thread" daemon [_thread_blocked, id=658698, stack(0x00007f033587a000,0x00007f033597b000)]
  0x00007f034414d410 JavaThread "Common-Cleaner" daemon [_thread_blocked, id=658700, stack(0x00007f0334dfd000,0x00007f0334efe000)]
  0x00007f02d0854740 JavaThread "mysql-cj-abandoned-connection-cleanup" daemon [_thread_blocked, id=658722, stack(0x00007f03343f0000,0x00007f03344f1000)]
  0x00007f02d12414c0 JavaThread "Live Reload Server" daemon [_thread_in_native, id=658770, stack(0x00007f0301eff000,0x00007f0302000000)]
  0x00007f0344025150 JavaThread "DestroyJavaVM" [_thread_blocked, id=658683, stack(0x00007f034ad17000,0x00007f034ae18000)]
  0x00007f02a4025190 JavaThread "Thread-5" [_thread_blocked, id=666853, stack(0x00007f0334cfc000,0x00007f0334dfd000)]
=>0x00007f02e006bbf0 JavaThread "restartedMain" [_thread_in_Java, id=666858, stack(0x00007f03346f3000,0x00007f03347f4000)]
  0x00007f02c81a3f70 JavaThread "Catalina-utility-1" [_thread_blocked, id=666862, stack(0x00007f03341ed000,0x00007f03342ee000)]
  0x00007f02c81a4820 JavaThread "Catalina-utility-2" [_thread_blocked, id=666866, stack(0x00007f03345f2000,0x00007f03346f3000)]
  0x00007f02c81a5260 JavaThread "container-0" [_thread_blocked, id=666867, stack(0x00007f03344f1000,0x00007f03345f2000)]
  0x00007f02c81a8e20 JavaThread "HikariPool-2 housekeeper" daemon [_thread_blocked, id=666874, stack(0x00007f03018f9000,0x00007f03019fa000)]
  0x00007f02cc0052a0 JavaThread "HikariPool-2 connection adder" daemon [_thread_in_Java, id=666878, stack(0x00007f0301cfd000,0x00007f0301dfe000)]

Other Threads:
  0x00007f03441226d0 VMThread "VM Thread" [stack: 0x00007f03487ce000,0x00007f03488ce000] [id=658690]
  0x00007f034414b360 WatcherThread [stack: 0x00007f0334f00000,0x00007f0335000000] [id=658699]
  0x00007f034407e6b0 GCTaskThread "GC Thread#0" [stack: 0x00007f03492c9000,0x00007f03493c9000] [id=658684]
  0x00007f031c0051a0 GCTaskThread "GC Thread#1" [stack: 0x00007f0334bfc000,0x00007f0334cfc000] [id=658702]
  0x00007f031c005bd0 GCTaskThread "GC Thread#2" [stack: 0x00007f0334afa000,0x00007f0334bfa000] [id=658703]
  0x00007f031c0071a0 GCTaskThread "GC Thread#3" [stack: 0x00007f03347f6000,0x00007f03348f6000] [id=658706]
  0x00007f034408f1d0 ConcurrentGCThread "G1 Main Marker" [stack: 0x00007f03491c7000,0x00007f03492c7000] [id=658685]
  0x00007f0344090130 ConcurrentGCThread "G1 Conc#0" [stack: 0x00007f03490c5000,0x00007f03491c5000] [id=658686]
  0x00007f03440f4820 ConcurrentGCThread "G1 Refine#0" [stack: 0x00007f0348bbf000,0x00007f0348cbf000] [id=658687]
  0x00007f0320000ea0 ConcurrentGCThread "G1 Refine#1" [stack: 0x00007f03342f0000,0x00007f03343f0000] [id=658726]
  0x00007f03440f5710 ConcurrentGCThread "G1 Service" [stack: 0x00007f0348abd000,0x00007f0348bbd000] [id=658688]

Threads with active compile tasks:
C1 CompilerThread0   851456 5522       1       sun.security.ec.point.ProjectivePoint::fixed (35 bytes)

VM state: not at safepoint (normal execution)

VM Mutex/Monitor currently owned by a thread: None

Heap address: 0x0000000085200000, size: 1966 MB, Compressed Oops mode: 32-bit

CDS archive(s) mapped at: [0x0000000800000000-0x0000000800be3000-0x0000000800be3000), size 12464128, SharedBaseAddress: 0x0000000800000000, ArchiveRelocationMode: 0.
Compressed class space mapped at: 0x0000000800c00000-0x0000000840c00000, reserved size: 1073741824
Narrow klass base: 0x0000000800000000, Narrow klass shift: 0, Narrow klass range: 0x100000000

GC Precious Log:
 CPUs: 4 total, 4 available
 Memory: 7861M
 Large Page Support: Disabled
 NUMA Support: Disabled
 Compressed Oops: Enabled (32-bit)
 Heap Region Size: 1M
 Heap Min Capacity: 8M
 Heap Initial Capacity: 124M
 Heap Max Capacity: 1966M
 Pre-touch: Disabled
 Parallel Workers: 4
 Concurrent Workers: 1
 Concurrent Refinement Workers: 4
 Periodic GC: Disabled

Heap:
 garbage-first heap   total 71680K, used 33673K [0x0000000085200000, 0x0000000100000000)
  region size 1024K, 16 young (16384K), 4 survivors (4096K)
 Metaspace       used 57312K, committed 57856K, reserved 1105920K
  class space    used 8185K, committed 8448K, reserved 1048576K

Heap Regions: E=young(eden), S=young(survivor), O=old, HS=humongous(starts), HC=humongous(continues), CS=collection set, F=free, OA=open archive, CA=closed archive, TAMS=top-at-mark-start (previous, next)
|   0|0x0000000085200000, 0x0000000085300000, 0x0000000085300000|100%|HS|  |TAMS 0x0000000085300000, 0x0000000085200000| Untracked 
|   1|0x0000000085300000, 0x00000000853b0868, 0x0000000085400000| 68%| O|  |TAMS 0x0000000085300000, 0x0000000085300000| Untracked 
|   2|0x0000000085400000, 0x00000000854ffe08, 0x0000000085500000| 99%| O|  |TAMS 0x0000000085400000, 0x0000000085400000| Untracked 
|   3|0x0000000085500000, 0x0000000085600000, 0x0000000085600000|100%| O|  |TAMS 0x0000000085500000, 0x0000000085500000| Untracked 
|   4|0x0000000085600000, 0x0000000085700000, 0x0000000085700000|100%| O|  |TAMS 0x0000000085700000, 0x0000000085600000| Untracked 
|   5|0x0000000085700000, 0x00000000857fffe8, 0x0000000085800000| 99%| O|  |TAMS 0x0000000085700000, 0x0000000085700000| Untracked 
|   6|0x0000000085800000, 0x00000000858fffc8, 0x0000000085900000| 99%| O|  |TAMS 0x0000000085800000, 0x0000000085800000| Untracked 
|   7|0x0000000085900000, 0x00000000859fffa0, 0x0000000085a00000| 99%| O|  |TAMS 0x0000000085900000, 0x0000000085900000| Untracked 
|   8|0x0000000085a00000, 0x0000000085affff8, 0x0000000085b00000| 99%| O|  |TAMS 0x0000000085a00000, 0x0000000085a00000| Untracked 
|   9|0x0000000085b00000, 0x0000000085bfffb8, 0x0000000085c00000| 99%| O|  |TAMS 0x0000000085b00000, 0x0000000085b00000| Untracked 
|  10|0x0000000085c00000, 0x0000000085cfff30, 0x0000000085d00000| 99%| O|  |TAMS 0x0000000085c00000, 0x0000000085c00000| Untracked 
|  11|0x0000000085d00000, 0x0000000085dffff8, 0x0000000085e00000| 99%| O|  |TAMS 0x0000000085d00000, 0x0000000085d00000| Untracked 
|  12|0x0000000085e00000, 0x0000000085efffb8, 0x0000000085f00000| 99%| O|  |TAMS 0x0000000085e00000, 0x0000000085e00000| Untracked 
|  13|0x0000000085f00000, 0x0000000085fffff8, 0x0000000086000000| 99%| O|  |TAMS 0x0000000085f00000, 0x0000000085f00000| Untracked 
|  14|0x0000000086000000, 0x000000008606d3d0, 0x0000000086100000| 42%| O|  |TAMS 0x0000000086000000, 0x0000000086000000| Untracked 
|  15|0x0000000086100000, 0x0000000086200000, 0x0000000086200000|100%| O|  |TAMS 0x0000000086100000, 0x0000000086100000| Untracked 
|  16|0x0000000086200000, 0x000000008629f7c8, 0x0000000086300000| 62%| O|  |TAMS 0x0000000086200000, 0x0000000086200000| Untracked 
|  17|0x0000000086300000, 0x00000000863fffe8, 0x0000000086400000| 99%| O|  |TAMS 0x0000000086300000, 0x0000000086300000| Untracked 
|  18|0x0000000086400000, 0x0000000086400000, 0x0000000086500000|  0%| F|  |TAMS 0x0000000086400000, 0x0000000086400000| Untracked 
|  19|0x0000000086500000, 0x000000008659db08, 0x0000000086600000| 61%| O|  |TAMS 0x0000000086500000, 0x0000000086500000| Untracked 
|  20|0x0000000086600000, 0x0000000086600000, 0x0000000086700000|  0%| F|  |TAMS 0x0000000086600000, 0x0000000086600000| Untracked 
|  21|0x0000000086700000, 0x0000000086700000, 0x0000000086800000|  0%| F|  |TAMS 0x0000000086700000, 0x0000000086700000| Untracked 
|  22|0x0000000086800000, 0x0000000086800000, 0x0000000086900000|  0%| F|  |TAMS 0x0000000086800000, 0x0000000086800000| Untracked 
|  23|0x0000000086900000, 0x0000000086900000, 0x0000000086a00000|  0%| F|  |TAMS 0x0000000086900000, 0x0000000086900000| Untracked 
|  24|0x0000000086a00000, 0x0000000086a00000, 0x0000000086b00000|  0%| F|  |TAMS 0x0000000086a00000, 0x0000000086a00000| Untracked 
|  25|0x0000000086b00000, 0x0000000086b00000, 0x0000000086c00000|  0%| F|  |TAMS 0x0000000086b00000, 0x0000000086b00000| Untracked 
|  26|0x0000000086c00000, 0x0000000086c00000, 0x0000000086d00000|  0%| F|  |TAMS 0x0000000086c00000, 0x0000000086c00000| Untracked 
|  27|0x0000000086d00000, 0x0000000086d00000, 0x0000000086e00000|  0%| F|  |TAMS 0x0000000086d00000, 0x0000000086d00000| Untracked 
|  28|0x0000000086e00000, 0x0000000086e00000, 0x0000000086f00000|  0%| F|  |TAMS 0x0000000086e00000, 0x0000000086e00000| Untracked 
|  29|0x0000000086f00000, 0x0000000086f00000, 0x0000000087000000|  0%| F|  |TAMS 0x0000000086f00000, 0x0000000086f00000| Untracked 
|  30|0x0000000087000000, 0x000000008708ec98, 0x0000000087100000| 55%| S|CS|TAMS 0x0000000087000000, 0x0000000087000000| Complete 
|  31|0x0000000087100000, 0x0000000087200000, 0x0000000087200000|100%| S|CS|TAMS 0x0000000087100000, 0x0000000087100000| Complete 
|  32|0x0000000087200000, 0x0000000087300000, 0x0000000087300000|100%| S|CS|TAMS 0x0000000087200000, 0x0000000087200000| Complete 
|  33|0x0000000087300000, 0x0000000087400000, 0x0000000087400000|100%| S|CS|TAMS 0x0000000087300000, 0x0000000087300000| Complete 
|  34|0x0000000087400000, 0x0000000087400000, 0x0000000087500000|  0%| F|  |TAMS 0x0000000087400000, 0x0000000087400000| Untracked 
|  35|0x0000000087500000, 0x0000000087500000, 0x0000000087600000|  0%| F|  |TAMS 0x0000000087500000, 0x0000000087500000| Untracked 
|  36|0x0000000087600000, 0x0000000087600000, 0x0000000087700000|  0%| F|  |TAMS 0x0000000087600000, 0x0000000087600000| Untracked 
|  37|0x0000000087700000, 0x0000000087700000, 0x0000000087800000|  0%| F|  |TAMS 0x0000000087700000, 0x0000000087700000| Untracked 
|  38|0x0000000087800000, 0x0000000087800000, 0x0000000087900000|  0%| F|  |TAMS 0x0000000087800000, 0x0000000087800000| Untracked 
|  39|0x0000000087900000, 0x0000000087900000, 0x0000000087a00000|  0%| F|  |TAMS 0x0000000087900000, 0x0000000087900000| Untracked 
|  40|0x0000000087a00000, 0x0000000087a00000, 0x0000000087b00000|  0%| F|  |TAMS 0x0000000087a00000, 0x0000000087a00000| Untracked 
|  41|0x0000000087b00000, 0x0000000087b00000, 0x0000000087c00000|  0%| F|  |TAMS 0x0000000087b00000, 0x0000000087b00000| Untracked 
|  42|0x0000000087c00000, 0x0000000087c00000, 0x0000000087d00000|  0%| F|  |TAMS 0x0000000087c00000, 0x0000000087c00000| Untracked 
|  43|0x0000000087d00000, 0x0000000087d00000, 0x0000000087e00000|  0%| F|  |TAMS 0x0000000087d00000, 0x0000000087d00000| Untracked 
|  44|0x0000000087e00000, 0x0000000087e00000, 0x0000000087f00000|  0%| F|  |TAMS 0x0000000087e00000, 0x0000000087e00000| Untracked 
|  45|0x0000000087f00000, 0x0000000087f00000, 0x0000000088000000|  0%| F|  |TAMS 0x0000000087f00000, 0x0000000087f00000| Untracked 
|  46|0x0000000088000000, 0x0000000088000000, 0x0000000088100000|  0%| F|  |TAMS 0x0000000088000000, 0x0000000088000000| Untracked 
|  47|0x0000000088100000, 0x0000000088100000, 0x0000000088200000|  0%| F|  |TAMS 0x0000000088100000, 0x0000000088100000| Untracked 
|  48|0x0000000088200000, 0x0000000088200000, 0x0000000088300000|  0%| F|  |TAMS 0x0000000088200000, 0x0000000088200000| Untracked 
|  49|0x0000000088300000, 0x0000000088300000, 0x0000000088400000|  0%| F|  |TAMS 0x0000000088300000, 0x0000000088300000| Untracked 
|  50|0x0000000088400000, 0x0000000088400000, 0x0000000088500000|  0%| F|  |TAMS 0x0000000088400000, 0x0000000088400000| Untracked 
|  51|0x0000000088500000, 0x0000000088500000, 0x0000000088600000|  0%| F|  |TAMS 0x0000000088500000, 0x0000000088500000| Untracked 
|  52|0x0000000088600000, 0x0000000088600000, 0x0000000088700000|  0%| F|  |TAMS 0x0000000088600000, 0x0000000088600000| Untracked 
|  53|0x0000000088700000, 0x0000000088700000, 0x0000000088800000|  0%| F|  |TAMS 0x0000000088700000, 0x0000000088700000| Untracked 
|  54|0x0000000088800000, 0x0000000088800000, 0x0000000088900000|  0%| F|  |TAMS 0x0000000088800000, 0x0000000088800000| Untracked 
|  55|0x0000000088900000, 0x0000000088900000, 0x0000000088a00000|  0%| F|  |TAMS 0x0000000088900000, 0x0000000088900000| Untracked 
|  56|0x0000000088a00000, 0x0000000088ac4050, 0x0000000088b00000| 76%| E|  |TAMS 0x0000000088a00000, 0x0000000088a00000| Complete 
|  57|0x0000000088b00000, 0x0000000088c00000, 0x0000000088c00000|100%| E|CS|TAMS 0x0000000088b00000, 0x0000000088b00000| Complete 
|  58|0x0000000088c00000, 0x0000000088d00000, 0x0000000088d00000|100%| E|CS|TAMS 0x0000000088c00000, 0x0000000088c00000| Complete 
|  59|0x0000000088d00000, 0x0000000088e00000, 0x0000000088e00000|100%| E|CS|TAMS 0x0000000088d00000, 0x0000000088d00000| Complete 
|  60|0x0000000088e00000, 0x0000000088f00000, 0x0000000088f00000|100%| E|CS|TAMS 0x0000000088e00000, 0x0000000088e00000| Complete 
|  99|0x000000008b500000, 0x000000008b600000, 0x000000008b600000|100%| E|CS|TAMS 0x000000008b500000, 0x000000008b500000| Complete 
| 100|0x000000008b600000, 0x000000008b700000, 0x000000008b700000|100%| E|CS|TAMS 0x000000008b600000, 0x000000008b600000| Complete 
| 101|0x000000008b700000, 0x000000008b800000, 0x000000008b800000|100%| E|CS|TAMS 0x000000008b700000, 0x000000008b700000| Complete 
| 102|0x000000008b800000, 0x000000008b900000, 0x000000008b900000|100%| E|CS|TAMS 0x000000008b800000, 0x000000008b800000| Complete 
| 103|0x000000008b900000, 0x000000008ba00000, 0x000000008ba00000|100%| E|CS|TAMS 0x000000008b900000, 0x000000008b900000| Complete 
| 104|0x000000008ba00000, 0x000000008bb00000, 0x000000008bb00000|100%| E|CS|TAMS 0x000000008ba00000, 0x000000008ba00000| Complete 
| 105|0x000000008bb00000, 0x000000008bc00000, 0x000000008bc00000|100%| E|CS|TAMS 0x000000008bb00000, 0x000000008bb00000| Complete 
|1964|0x00000000ffe00000, 0x00000000ffe76000, 0x00000000fff00000| 46%|OA|  |TAMS 0x00000000ffe76000, 0x00000000ffe00000| Untracked 
|1965|0x00000000fff00000, 0x00000000fff83000, 0x0000000100000000| 51%|CA|  |TAMS 0x00000000fff83000, 0x00000000fff00000| Untracked 

Card table byte_map: [0x00007f03497e2000,0x00007f0349bb9000] _byte_map_base: 0x00007f03493b9000

Marking Bits (Prev, Next): (CMBitMap*) 0x00007f034407f130, (CMBitMap*) 0x00007f034407f170
 Prev Bits: [0x00007f0337833000, 0x00007f03396eb000)
 Next Bits: [0x00007f033597b000, 0x00007f0337833000)

Polling page: 0x00007f034c40e000

Metaspace:

Usage:
  Non-class:     47.98 MB used.
      Class:      7.99 MB used.
       Both:     55.97 MB used.

Virtual space:
  Non-class space:       56.00 MB reserved,      48.25 MB ( 86%) committed,  7 nodes.
      Class space:        1.00 GB reserved,       8.25 MB ( <1%) committed,  1 nodes.
             Both:        1.05 GB reserved,      56.50 MB (  5%) committed. 

Chunk freelists:
   Non-Class:  3.46 MB
       Class:  3.82 MB
        Both:  7.27 MB

MaxMetaspaceSize: unlimited
CompressedClassSpaceSize: 1.00 GB
Initial GC threshold: 21.00 MB
Current GC threshold: 94.06 MB
CDS: on
MetaspaceReclaimPolicy: balanced
 - commit_granule_bytes: 65536.
 - commit_granule_words: 8192.
 - virtual_space_node_default_size: 1048576.
 - enlarge_chunks_in_place: 1.
 - new_chunks_are_fully_committed: 0.
 - uncommit_free_chunks: 1.
 - use_allocation_guard: 0.
 - handle_deallocations: 1.


Internal statistics:

num_allocs_failed_limit: 9.
num_arena_births: 678.
num_arena_deaths: 174.
num_vsnodes_births: 8.
num_vsnodes_deaths: 0.
num_space_committed: 904.
num_space_uncommitted: 0.
num_chunks_returned_to_freelist: 202.
num_chunks_taken_from_freelist: 2716.
num_chunk_merges: 64.
num_chunk_splits: 1936.
num_chunks_enlarged: 1533.
num_purges: 2.
num_inconsistent_stats: 0.

CodeCache: size=49152Kb used=10079Kb max_used=10079Kb free=39072Kb
 bounds [0x00007f03396eb000, 0x00007f033a0cb000, 0x00007f033c6eb000]
 total_blobs=6169 nmethods=5522 adapters=573
 compilation: enabled
              stopped_count=0, restarted_count=0
 full_count=0

Compilation events (20 events):
Event: 851.399 Thread 0x00007f03441308f0 5498   !   1       jdk.proxy2.$Proxy24::annotationType (29 bytes)
Event: 851.399 Thread 0x00007f03441308f0 nmethod 5498 0x00007f033a0ba990 code [0x00007f033a0bab40, 0x00007f033a0bad50]
Event: 851.404 Thread 0x00007f03441308f0 5501   !   1       java.net.Socket::isClosed (19 bytes)
Event: 851.405 Thread 0x00007f03441308f0 nmethod 5501 0x00007f033a0bae90 code [0x00007f033a0bb020, 0x00007f033a0bb1b0]
Event: 851.405 Thread 0x00007f03441308f0 5500       1       com.mysql.cj.conf.AbstractRuntimeProperty::isExplicitlySet (5 bytes)
Event: 851.405 Thread 0x00007f03441308f0 nmethod 5500 0x00007f033a0bb290 code [0x00007f033a0bb420, 0x00007f033a0bb4f0]
Event: 851.405 Thread 0x00007f03441308f0 5499       1       java.lang.reflect.Executable::sharedGetParameterAnnotations (96 bytes)
Event: 851.405 Thread 0x00007f03441308f0 nmethod 5499 0x00007f033a0bb590 code [0x00007f033a0bb7e0, 0x00007f033a0bbed0]
Event: 851.405 Thread 0x00007f03441308f0 5502       1       org.springframework.boot.web.server.WebServerFactoryCustomizerBeanPostProcessor::postProcessBeforeInitialization (19 bytes)
Event: 851.413 Thread 0x00007f03441308f0 nmethod 5502 0x00007f033a0bc290 code [0x00007f033a0bc4e0, 0x00007f033a0bcce0]
Event: 851.413 Thread 0x00007f03441308f0 5504       1       java.lang.Class::isAnnotationPresent (6 bytes)
Event: 851.414 Thread 0x00007f03441308f0 nmethod 5504 0x00007f033a0bd190 code [0x00007f033a0bd360, 0x00007f033a0bd580]
Event: 851.414 Thread 0x00007f03441308f0 5503       1       org.springframework.boot.web.server.ErrorPageRegistrarBeanPostProcessor::postProcessBeforeInitialization (19 bytes)
Event: 851.414 Thread 0x00007f03441308f0 nmethod 5503 0x00007f033a0bd710 code [0x00007f033a0bd8c0, 0x00007f033a0bda60]
Event: 851.414 Thread 0x00007f03441308f0 5505   !   1       jdk.proxy2.$Proxy107::annotationType (29 bytes)
Event: 851.414 Thread 0x00007f03441308f0 nmethod 5505 0x00007f033a0bdb10 code [0x00007f033a0bdcc0, 0x00007f033a0bded0]
Event: 851.414 Thread 0x00007f03441308f0 5506       1       org.springframework.util.CollectionUtils::computeMapInitialCapacity (11 bytes)
Event: 851.414 Thread 0x00007f03441308f0 nmethod 5506 0x00007f033a0be010 code [0x00007f033a0be1e0, 0x00007f033a0be2e0]
Event: 851.414 Thread 0x00007f03441308f0 5507       1       java.lang.Math::ceil (5 bytes)
Event: 851.414 Thread 0x00007f03441308f0 nmethod 5507 0x00007f033a0be390 code [0x00007f033a0be560, 0x00007f033a0be620]

GC Heap History (20 events):
Event: 2.071 GC heap before
{Heap before GC invocations=2 (full 0):
 garbage-first heap   total 129024K, used 80253K [0x0000000085200000, 0x0000000100000000)
  region size 1024K, 74 young (75776K), 2 survivors (2048K)
 Metaspace       used 18320K, committed 18560K, reserved 1073152K
  class space    used 2563K, committed 2688K, reserved 1048576K
}
Event: 2.080 GC heap after
{Heap after GC invocations=3 (full 0):
 garbage-first heap   total 129024K, used 12122K [0x0000000085200000, 0x0000000100000000)
  region size 1024K, 6 young (6144K), 6 survivors (6144K)
 Metaspace       used 18320K, committed 18560K, reserved 1073152K
  class space    used 2563K, committed 2688K, reserved 1048576K
}
Event: 2.389 GC heap before
{Heap before GC invocations=3 (full 0):
 garbage-first heap   total 129024K, used 29530K [0x0000000085200000, 0x0000000100000000)
  region size 1024K, 24 young (24576K), 6 survivors (6144K)
 Metaspace       used 21205K, committed 21504K, reserved 1073152K
  class space    used 3040K, committed 3200K, reserved 1048576K
}
Event: 2.398 GC heap after
{Heap after GC invocations=4 (full 0):
 garbage-first heap   total 129024K, used 14185K [0x0000000085200000, 0x0000000100000000)
  region size 1024K, 7 young (7168K), 7 survivors (7168K)
 Metaspace       used 21205K, committed 21504K, reserved 1073152K
  class space    used 3040K, committed 3200K, reserved 1048576K
}
Event: 3.040 GC heap before
{Heap before GC invocations=5 (full 0):
 garbage-first heap   total 61440K, used 43881K [0x0000000085200000, 0x0000000100000000)
  region size 1024K, 36 young (36864K), 7 survivors (7168K)
 Metaspace       used 26698K, committed 27072K, reserved 1073152K
  class space    used 3752K, committed 3904K, reserved 1048576K
}
Event: 3.060 GC heap after
{Heap after GC invocations=6 (full 0):
 garbage-first heap   total 61440K, used 17005K [0x0000000085200000, 0x0000000100000000)
  region size 1024K, 5 young (5120K), 5 survivors (5120K)
 Metaspace       used 26698K, committed 27072K, reserved 1073152K
  class space    used 3752K, committed 3904K, reserved 1048576K
}
Event: 3.552 GC heap before
{Heap before GC invocations=6 (full 0):
 garbage-first heap   total 61440K, used 40557K [0x0000000085200000, 0x0000000100000000)
  region size 1024K, 29 young (29696K), 5 survivors (5120K)
 Metaspace       used 35609K, committed 35968K, reserved 1081344K
  class space    used 4983K, committed 5184K, reserved 1048576K
}
Event: 3.561 GC heap after
{Heap after GC invocations=7 (full 0):
 garbage-first heap   total 61440K, used 19120K [0x0000000085200000, 0x0000000100000000)
  region size 1024K, 3 young (3072K), 3 survivors (3072K)
 Metaspace       used 35609K, committed 35968K, reserved 1081344K
  class space    used 4983K, committed 5184K, reserved 1048576K
}
Event: 4.312 GC heap before
{Heap before GC invocations=8 (full 0):
 garbage-first heap   total 61440K, used 43696K [0x0000000085200000, 0x0000000100000000)
  region size 1024K, 28 young (28672K), 3 survivors (3072K)
 Metaspace       used 42777K, committed 43200K, reserved 1089536K
  class space    used 5926K, committed 6144K, reserved 1048576K
}
Event: 4.318 GC heap after
{Heap after GC invocations=9 (full 0):
 garbage-first heap   total 61440K, used 20694K [0x0000000085200000, 0x0000000100000000)
  region size 1024K, 4 young (4096K), 4 survivors (4096K)
 Metaspace       used 42777K, committed 43200K, reserved 1089536K
  class space    used 5926K, committed 6144K, reserved 1048576K
}
Event: 4.744 GC heap before
{Heap before GC invocations=10 (full 0):
 garbage-first heap   total 61440K, used 44246K [0x0000000085200000, 0x0000000100000000)
  region size 1024K, 28 young (28672K), 4 survivors (4096K)
 Metaspace       used 49041K, committed 49472K, reserved 1097728K
  class space    used 7075K, committed 7296K, reserved 1048576K
}
Event: 4.752 GC heap after
{Heap after GC invocations=11 (full 0):
 garbage-first heap   total 61440K, used 21718K [0x0000000085200000, 0x0000000100000000)
  region size 1024K, 3 young (3072K), 3 survivors (3072K)
 Metaspace       used 49041K, committed 49472K, reserved 1097728K
  class space    used 7075K, committed 7296K, reserved 1048576K
}
Event: 5.152 GC heap before
{Heap before GC invocations=11 (full 0):
 garbage-first heap   total 61440K, used 46294K [0x0000000085200000, 0x0000000100000000)
  region size 1024K, 27 young (27648K), 3 survivors (3072K)
 Metaspace       used 52582K, committed 53056K, reserved 1097728K
  class space    used 7562K, committed 7808K, reserved 1048576K
}
Event: 5.159 GC heap after
{Heap after GC invocations=12 (full 0):
 garbage-first heap   total 73728K, used 24248K [0x0000000085200000, 0x0000000100000000)
  region size 1024K, 4 young (4096K), 4 survivors (4096K)
 Metaspace       used 52582K, committed 53056K, reserved 1097728K
  class space    used 7562K, committed 7808K, reserved 1048576K
}
Event: 365.435 GC heap before
{Heap before GC invocations=12 (full 0):
 garbage-first heap   total 73728K, used 54968K [0x0000000085200000, 0x0000000100000000)
  region size 1024K, 34 young (34816K), 4 survivors (4096K)
 Metaspace       used 57145K, committed 57664K, reserved 1105920K
  class space    used 8175K, committed 8448K, reserved 1048576K
}
Event: 365.456 GC heap after
{Heap after GC invocations=13 (full 0):
 garbage-first heap   total 73728K, used 26044K [0x0000000085200000, 0x0000000100000000)
  region size 1024K, 5 young (5120K), 5 survivors (5120K)
 Metaspace       used 57145K, committed 57664K, reserved 1105920K
  class space    used 8175K, committed 8448K, reserved 1048576K
}
Event: 850.068 GC heap before
{Heap before GC invocations=13 (full 0):
 garbage-first heap   total 73728K, used 34236K [0x0000000085200000, 0x0000000100000000)
  region size 1024K, 14 young (14336K), 5 survivors (5120K)
 Metaspace       used 57297K, committed 57792K, reserved 1105920K
  class space    used 8208K, committed 8448K, reserved 1048576K
}
Event: 850.186 GC heap after
{Heap after GC invocations=14 (full 1):
 garbage-first heap   total 71680K, used 18766K [0x0000000085200000, 0x0000000100000000)
  region size 1024K, 0 young (0K), 0 survivors (0K)
 Metaspace       used 57107K, committed 57792K, reserved 1105920K
  class space    used 8163K, committed 8448K, reserved 1048576K
}
Event: 851.037 GC heap before
{Heap before GC invocations=14 (full 1):
 garbage-first heap   total 71680K, used 53582K [0x0000000085200000, 0x0000000100000000)
  region size 1024K, 34 young (34816K), 0 survivors (0K)
 Metaspace       used 57151K, committed 57792K, reserved 1105920K
  class space    used 8173K, committed 8448K, reserved 1048576K
}
Event: 851.055 GC heap after
{Heap after GC invocations=15 (full 1):
 garbage-first heap   total 71680K, used 22409K [0x0000000085200000, 0x0000000100000000)
  region size 1024K, 4 young (4096K), 4 survivors (4096K)
 Metaspace       used 57151K, committed 57792K, reserved 1105920K
  class space    used 8173K, committed 8448K, reserved 1048576K
}

Deoptimization events (14 events):
Event: 1.026 Thread 0x00007f02cc002bf0 DEOPT PACKING pc=0x00007f0339ab66f9 sp=0x00007f03349f32f0
Event: 1.026 Thread 0x00007f02cc002bf0 DEOPT UNPACKING pc=0x00007f033973d82f sp=0x00007f03349f27f0 mode 3
Event: 2.741 Thread 0x00007f02cc002bf0 DEOPT PACKING pc=0x00007f0339d703b5 sp=0x00007f03349f28a0
Event: 2.741 Thread 0x00007f02cc002bf0 DEOPT UNPACKING pc=0x00007f033973d82f sp=0x00007f03349f1e28 mode 3
Event: 2.773 Thread 0x00007f02cc002bf0 DEOPT PACKING pc=0x00007f0339ae5ff9 sp=0x00007f03349f4700
Event: 2.773 Thread 0x00007f02cc002bf0 DEOPT UNPACKING pc=0x00007f033973d82f sp=0x00007f03349f3bb0 mode 3
Event: 2.774 Thread 0x00007f02d0847320 DEOPT PACKING pc=0x00007f0339b6508e sp=0x00007f03346f1500
Event: 2.774 Thread 0x00007f02d0847320 DEOPT UNPACKING pc=0x00007f033973d82f sp=0x00007f03346f0978 mode 3
Event: 4.927 Thread 0x00007f02cc002bf0 DEOPT PACKING pc=0x00007f0339b0cc34 sp=0x00007f03349f24d0
Event: 4.927 Thread 0x00007f02cc002bf0 DEOPT UNPACKING pc=0x00007f033973d82f sp=0x00007f03349f1a48 mode 0
Event: 5.259 Thread 0x00007f02cc002bf0 DEOPT PACKING pc=0x00007f0339b2c2a8 sp=0x00007f03349f3d20
Event: 5.259 Thread 0x00007f02cc002bf0 DEOPT UNPACKING pc=0x00007f033973d82f sp=0x00007f03349f3258 mode 3
Event: 5.260 Thread 0x00007f02cc002bf0 DEOPT PACKING pc=0x00007f0339b26912 sp=0x00007f03349f3cf0
Event: 5.260 Thread 0x00007f02cc002bf0 DEOPT UNPACKING pc=0x00007f033973d82f sp=0x00007f03349f3258 mode 3

Classes unloaded (20 events):
Event: 850.101 Thread 0x00007f03441226d0 Unloading class 0x0000000800e2e000 'jdk/internal/reflect/GeneratedConstructorAccessor6'
Event: 850.101 Thread 0x00007f03441226d0 Unloading class 0x0000000800e2d400 'java/lang/invoke/LambdaForm$MH+0x0000000800e2d400'
Event: 850.101 Thread 0x00007f03441226d0 Unloading class 0x0000000800e2d000 'java/lang/invoke/LambdaForm$MH+0x0000000800e2d000'
Event: 850.101 Thread 0x00007f03441226d0 Unloading class 0x0000000800e2cc00 'java/lang/invoke/LambdaForm$MH+0x0000000800e2cc00'
Event: 850.101 Thread 0x00007f03441226d0 Unloading class 0x0000000800e2c800 'java/lang/invoke/LambdaForm$MH+0x0000000800e2c800'
Event: 850.101 Thread 0x00007f03441226d0 Unloading class 0x0000000800e24000 'jdk/internal/reflect/GeneratedConstructorAccessor5'
Event: 850.101 Thread 0x00007f03441226d0 Unloading class 0x0000000800dfc400 'java/lang/invoke/LambdaForm$DMH+0x0000000800dfc400'
Event: 850.101 Thread 0x00007f03441226d0 Unloading class 0x0000000800d1ac00 'java/lang/invoke/LambdaForm$DMH+0x0000000800d1ac00'
Event: 850.101 Thread 0x00007f03441226d0 Unloading class 0x0000000800d0dc00 'java/lang/invoke/LambdaForm$MH+0x0000000800d0dc00'
Event: 850.101 Thread 0x00007f03441226d0 Unloading class 0x0000000800d0d800 'java/lang/invoke/LambdaForm$MH+0x0000000800d0d800'
Event: 850.101 Thread 0x00007f03441226d0 Unloading class 0x0000000800d0d400 'java/lang/invoke/LambdaForm$MH+0x0000000800d0d400'
Event: 850.101 Thread 0x00007f03441226d0 Unloading class 0x0000000800d0d000 'java/lang/invoke/LambdaForm$MH+0x0000000800d0d000'
Event: 850.101 Thread 0x00007f03441226d0 Unloading class 0x0000000800d0cc00 'java/lang/invoke/LambdaForm$MH+0x0000000800d0cc00'
Event: 850.101 Thread 0x00007f03441226d0 Unloading class 0x0000000800d0c800 'java/lang/invoke/LambdaForm$MH+0x0000000800d0c800'
Event: 850.101 Thread 0x00007f03441226d0 Unloading class 0x0000000800d0c400 'java/lang/invoke/LambdaForm$MH+0x0000000800d0c400'
Event: 850.101 Thread 0x00007f03441226d0 Unloading class 0x0000000800c21400 'java/lang/invoke/LambdaForm$MH+0x0000000800c21400'
Event: 850.101 Thread 0x00007f03441226d0 Unloading class 0x0000000800c21000 'java/lang/invoke/LambdaForm$MH+0x0000000800c21000'
Event: 850.101 Thread 0x00007f03441226d0 Unloading class 0x0000000800c20c00 'java/lang/invoke/LambdaForm$MH+0x0000000800c20c00'
Event: 850.101 Thread 0x00007f03441226d0 Unloading class 0x0000000800c20800 'java/lang/invoke/LambdaForm$MH+0x0000000800c20800'
Event: 850.101 Thread 0x00007f03441226d0 Unloading class 0x0000000800c20400 'java/lang/invoke/LambdaForm$MH+0x0000000800c20400'

Classes redefined (0 events):
No events

Internal exceptions (20 events):
Event: 13.161 Thread 0x00007f02d1249900 Exception <a 'java/lang/NoSuchMethodError'{0x00000000886f7f90}: 'java.lang.Object java.lang.invoke.Invokers$Holder.linkToTargetMethod(java.lang.Object, java.lang.Object, java.lang.Object, long, java.lang.Object)'> (0x00000000886f7f90) 
thrown [open/src/hotspot/share/interpreter/linkResolver.cpp, line 758]
Event: 849.965 Thread 0x00007f02d0831060 Exception <a 'java/lang/InterruptedException'{0x000000008b6bd9d0}: sleep interrupted> (0x000000008b6bd9d0) 
thrown [open/src/hotspot/share/prims/jvm.cpp, line 3070]
Event: 850.010 Thread 0x00007f02a4025190 Exception <a 'java/lang/NoSuchMethodError'{0x000000008b51bdc0}: 'int java.lang.invoke.DirectMethodHandle$Holder.invokeStatic(java.lang.Object, int, java.lang.Object)'> (0x000000008b51bdc0) 
thrown [open/src/hotspot/share/interpreter/linkResolver.cpp, line 758]
Event: 850.059 Thread 0x00007f02e006bbf0 Exception <a 'java/io/IOException'{0x000000008b52b9f8}> (0x000000008b52b9f8) 
thrown [open/src/hotspot/share/prims/jni.cpp, line 516]
Event: 850.060 Thread 0x00007f02e006bbf0 Exception <a 'java/io/IOException'{0x000000008b52e748}> (0x000000008b52e748) 
thrown [open/src/hotspot/share/prims/jni.cpp, line 516]
Event: 850.061 Thread 0x00007f02e006bbf0 Exception <a 'java/io/IOException'{0x000000008b531498}> (0x000000008b531498) 
thrown [open/src/hotspot/share/prims/jni.cpp, line 516]
Event: 850.062 Thread 0x00007f02e006bbf0 Exception <a 'java/io/IOException'{0x000000008b534208}> (0x000000008b534208) 
thrown [open/src/hotspot/share/prims/jni.cpp, line 516]
Event: 850.063 Thread 0x00007f02e006bbf0 Exception <a 'java/io/IOException'{0x000000008b536f58}> (0x000000008b536f58) 
thrown [open/src/hotspot/share/prims/jni.cpp, line 516]
Event: 850.064 Thread 0x00007f02e006bbf0 Exception <a 'java/io/IOException'{0x000000008b539ca8}> (0x000000008b539ca8) 
thrown [open/src/hotspot/share/prims/jni.cpp, line 516]
Event: 850.065 Thread 0x00007f02e006bbf0 Exception <a 'java/io/IOException'{0x000000008b53c9f8}> (0x000000008b53c9f8) 
thrown [open/src/hotspot/share/prims/jni.cpp, line 516]
Event: 850.066 Thread 0x00007f02e006bbf0 Exception <a 'java/io/IOException'{0x000000008b53f748}> (0x000000008b53f748) 
thrown [open/src/hotspot/share/prims/jni.cpp, line 516]
Event: 850.233 Thread 0x00007f02e006bbf0 Exception <a 'sun/nio/fs/UnixException'{0x000000008bbdb680}> (0x000000008bbdb680) 
thrown [open/src/hotspot/share/prims/jni.cpp, line 516]
Event: 850.730 Thread 0x00007f02e006bbf0 Exception <a 'java/lang/NoClassDefFoundError'{0x000000008800d0c8}: org/flywaydb/core/Flyway> (0x000000008800d0c8) 
thrown [open/src/hotspot/share/oops/constantPool.cpp, line 835]
Event: 850.730 Thread 0x00007f02e006bbf0 Exception <a 'java/lang/NoClassDefFoundError'{0x000000008800d718}: liquibase/integration/spring/SpringLiquibase> (0x000000008800d718) 
thrown [open/src/hotspot/share/oops/constantPool.cpp, line 835]
Event: 850.742 Thread 0x00007f02e006bbf0 Exception <a 'java/lang/NoClassDefFoundError'{0x00000000880653d0}: org/jooq/DSLContext> (0x00000000880653d0) 
thrown [open/src/hotspot/share/oops/constantPool.cpp, line 835]
Event: 850.744 Thread 0x00007f02e006bbf0 Exception <a 'java/lang/NoClassDefFoundError'{0x000000008806fc10}: org/springframework/batch/core/repository/JobRepository> (0x000000008806fc10) 
thrown [open/src/hotspot/share/oops/constantPool.cpp, line 835]
Event: 850.744 Thread 0x00007f02e006bbf0 Exception <a 'java/lang/NoClassDefFoundError'{0x0000000088070258}: org/quartz/Scheduler> (0x0000000088070258) 
thrown [open/src/hotspot/share/oops/constantPool.cpp, line 835]
Event: 850.744 Thread 0x00007f02e006bbf0 Exception <a 'java/lang/NoClassDefFoundError'{0x00000000880708c8}: org/springframework/session/jdbc/JdbcIndexedSessionRepository> (0x00000000880708c8) 
thrown [open/src/hotspot/share/oops/constantPool.cpp, line 835]
Event: 850.885 Thread 0x00007f02e006bbf0 Exception <a 'java/io/FileNotFoundException'{0x0000000087aa7010}> (0x0000000087aa7010) 
thrown [open/src/hotspot/share/prims/jni.cpp, line 516]
Event: 850.935 Thread 0x00007f02e006bbf0 Exception <a 'java/io/FileNotFoundException'{0x00000000879d9950}> (0x00000000879d9950) 
thrown [open/src/hotspot/share/prims/jni.cpp, line 516]

VM Operations (20 events):
Event: 203.456 Executing VM operation: Cleanup
Event: 203.456 Executing VM operation: Cleanup done
Event: 213.458 Executing VM operation: Cleanup
Event: 213.458 Executing VM operation: Cleanup done
Event: 263.465 Executing VM operation: Cleanup
Event: 263.465 Executing VM operation: Cleanup done
Event: 365.435 Executing VM operation: G1CollectForAllocation
Event: 365.456 Executing VM operation: G1CollectForAllocation done
Event: 424.465 Executing VM operation: Cleanup
Event: 424.465 Executing VM operation: Cleanup done
Event: 486.473 Executing VM operation: Cleanup
Event: 486.473 Executing VM operation: Cleanup done
Event: 573.485 Executing VM operation: Cleanup
Event: 573.485 Executing VM operation: Cleanup done
Event: 653.497 Executing VM operation: Cleanup
Event: 653.497 Executing VM operation: Cleanup done
Event: 850.068 Executing VM operation: G1CollectFull
Event: 850.186 Executing VM operation: G1CollectFull done
Event: 851.037 Executing VM operation: G1CollectForAllocation
Event: 851.055 Executing VM operation: G1CollectForAllocation done

Events (20 events):
Event: 850.214 Protecting memory [0x00007f03346f3000,0x00007f03346f7000] with protection modes 0
Event: 850.294 Thread 0x00007f02c8199730 Thread added: 0x00007f02c8199730
Event: 850.306 Protecting memory [0x00007f03341ed000,0x00007f03341f1000] with protection modes 0
Event: 850.323 Thread 0x00007f02c8199730 Thread exited: 0x00007f02c8199730
Event: 850.713 loading class java/util/WeakHashMap$EntrySet
Event: 850.713 loading class java/util/WeakHashMap$EntrySet done
Event: 850.713 loading class java/util/WeakHashMap$EntryIterator
Event: 850.714 loading class java/util/WeakHashMap$EntryIterator done
Event: 850.949 Thread 0x00007f02c81a3f70 Thread added: 0x00007f02c81a3f70
Event: 850.950 Thread 0x00007f02c81a4820 Thread added: 0x00007f02c81a4820
Event: 850.950 Protecting memory [0x00007f03345f2000,0x00007f03345f6000] with protection modes 0
Event: 850.950 Thread 0x00007f02c81a5260 Thread added: 0x00007f02c81a5260
Event: 850.951 Protecting memory [0x00007f03341ed000,0x00007f03341f1000] with protection modes 0
Event: 850.970 Protecting memory [0x00007f03344f1000,0x00007f03344f5000] with protection modes 0
Event: 851.153 Thread 0x00007f02c81a8e20 Thread added: 0x00007f02c81a8e20
Event: 851.161 Protecting memory [0x00007f03018f9000,0x00007f03018fd000] with protection modes 0
Event: 851.271 Thread 0x00007f02cc0052a0 Thread added: 0x00007f02cc0052a0
Event: 851.271 Protecting memory [0x00007f0301cfd000,0x00007f0301d01000] with protection modes 0
Event: 851.392 loading class java/time/DurationEditor
Event: 851.392 loading class java/time/DurationEditor done


Dynamic libraries:
85200000-88f00000 rw-p 00000000 00:00 0 
88f00000-8b500000 ---p 00000000 00:00 0 
8b500000-8bc00000 rw-p 00000000 00:00 0 
8bc00000-ffe00000 ---p 00000000 00:00 0 
ffe00000-ffe76000 rw-p 00c9f000 00:21 2297482                            /usr/lib/jvm/jdk-17-oracle-x64/lib/server/classes.jsa
ffe76000-fff00000 rw-p 00000000 00:00 0 
fff00000-fff83000 rw-p 00c1c000 00:21 2297482                            /usr/lib/jvm/jdk-17-oracle-x64/lib/server/classes.jsa
fff83000-100000000 rw-p 00000000 00:00 0 
800000000-800459000 rw-p 00001000 00:21 2297482                          /usr/lib/jvm/jdk-17-oracle-x64/lib/server/classes.jsa
800459000-800be3000 r--p 0045a000 00:21 2297482                          /usr/lib/jvm/jdk-17-oracle-x64/lib/server/classes.jsa
800be3000-800c00000 ---p 00000000 00:00 0 
800c00000-800c40000 rw-p 00000000 00:00 0 
800c40000-800c80000 rw-p 00000000 00:00 0 
800c80000-800cc0000 rw-p 00000000 00:00 0 
800cc0000-800d00000 rw-p 00000000 00:00 0 
800d00000-800f40000 rw-p 00000000 00:00 0 
800f40000-800f80000 rw-p 00000000 00:00 0 
800f80000-801100000 rw-p 00000000 00:00 0 
801100000-801140000 rw-p 00000000 00:00 0 
801140000-801180000 rw-p 00000000 00:00 0 
801180000-801440000 rw-p 00000000 00:00 0 
801440000-840c00000 ---p 00000000 00:00 0 
562b166d0000-562b166d1000 r-xp 00000000 00:21 2296996                    /usr/lib/jvm/jdk-17-oracle-x64/bin/java
562b166d2000-562b166d3000 r--p 00001000 00:21 2296996                    /usr/lib/jvm/jdk-17-oracle-x64/bin/java
562b166d3000-562b166d4000 rw-p 00002000 00:21 2296996                    /usr/lib/jvm/jdk-17-oracle-x64/bin/java
562b16fb0000-562b16fd1000 rw-p 00000000 00:00 0                          [heap]
7f02a4000000-7f02a4028000 rw-p 00000000 00:00 0 
7f02a4028000-7f02a8000000 ---p 00000000 00:00 0 
7f02ac000000-7f02ac021000 rw-p 00000000 00:00 0 
7f02ac021000-7f02b0000000 ---p 00000000 00:00 0 
7f02b0000000-7f02b0023000 rw-p 00000000 00:00 0 
7f02b0023000-7f02b4000000 ---p 00000000 00:00 0 
7f02b4000000-7f02b4021000 rw-p 00000000 00:00 0 
7f02b4021000-7f02b8000000 ---p 00000000 00:00 0 
7f02b8000000-7f02b80c4000 rw-p 00000000 00:00 0 
7f02b80c4000-7f02bc000000 ---p 00000000 00:00 0 
7f02bc000000-7f02bc024000 rw-p 00000000 00:00 0 
7f02bc024000-7f02c0000000 ---p 00000000 00:00 0 
7f02c0000000-7f02c0021000 rw-p 00000000 00:00 0 
7f02c0021000-7f02c4000000 ---p 00000000 00:00 0 
7f02c4000000-7f02c4037000 rw-p 00000000 00:00 0 
7f02c4037000-7f02c8000000 ---p 00000000 00:00 0 
7f02c8000000-7f02c81b9000 rw-p 00000000 00:00 0 
7f02c81b9000-7f02cc000000 ---p 00000000 00:00 0 
7f02cc000000-7f02cc021000 rw-p 00000000 00:00 0 
7f02cc021000-7f02d0000000 ---p 00000000 00:00 0 
7f02d0000000-7f02d1264000 rw-p 00000000 00:00 0 
7f02d1264000-7f02d4000000 ---p 00000000 00:00 0 
7f02d4000000-7f02d4021000 rw-p 00000000 00:00 0 
7f02d4021000-7f02d8000000 ---p 00000000 00:00 0 
7f02d8000000-7f02d8030000 rw-p 00000000 00:00 0 
7f02d8030000-7f02dc000000 ---p 00000000 00:00 0 
7f02dc000000-7f02dc021000 rw-p 00000000 00:00 0 
7f02dc021000-7f02e0000000 ---p 00000000 00:00 0 
7f02e0000000-7f02e01a5000 rw-p 00000000 00:00 0 
7f02e01a5000-7f02e4000000 ---p 00000000 00:00 0 
7f02e4000000-7f02e4021000 rw-p 00000000 00:00 0 
7f02e4021000-7f02e8000000 ---p 00000000 00:00 0 
7f02e8000000-7f02e8021000 rw-p 00000000 00:00 0 
7f02e8021000-7f02ec000000 ---p 00000000 00:00 0 
7f02ec000000-7f02ec3f1000 rw-p 00000000 00:00 0 
7f02ec3f1000-7f02f0000000 ---p 00000000 00:00 0 
7f02f0000000-7f02f0029000 rw-p 00000000 00:00 0 
7f02f0029000-7f02f4000000 ---p 00000000 00:00 0 
7f02f4000000-7f02f4021000 rw-p 00000000 00:00 0 
7f02f4021000-7f02f8000000 ---p 00000000 00:00 0 
7f02f8000000-7f02f8021000 rw-p 00000000 00:00 0 
7f02f8021000-7f02fc000000 ---p 00000000 00:00 0 
7f02fc000000-7f02fc021000 rw-p 00000000 00:00 0 
7f02fc021000-7f0300000000 ---p 00000000 00:00 0 
7f0300800000-7f03008a0000 rw-p 00000000 00:00 0 
7f03008a0000-7f0301000000 ---p 00000000 00:00 0 
7f03013f4000-7f03013f8000 ---p 00000000 00:00 0 
7f03013f8000-7f03014f5000 rw-p 00000000 00:00 0 
7f03014f5000-7f03014f9000 ---p 00000000 00:00 0 
7f03014f9000-7f03015f6000 rw-p 00000000 00:00 0 
7f03015f6000-7f03015fa000 ---p 00000000 00:00 0 
7f03015fa000-7f03016f7000 rw-p 00000000 00:00 0 
7f03016f7000-7f03016fb000 ---p 00000000 00:00 0 
7f03016fb000-7f03017f8000 rw-p 00000000 00:00 0 
7f03017f8000-7f03017fc000 ---p 00000000 00:00 0 
7f03017fc000-7f03018f9000 rw-p 00000000 00:00 0 
7f03018f9000-7f03018fd000 ---p 00000000 00:00 0 
7f03018fd000-7f03019fa000 rw-p 00000000 00:00 0 
7f03019fa000-7f03019fe000 ---p 00000000 00:00 0 
7f03019fe000-7f0301afb000 rw-p 00000000 00:00 0 
7f0301afb000-7f0301aff000 ---p 00000000 00:00 0 
7f0301aff000-7f0301bfc000 rw-p 00000000 00:00 0 
7f0301bfc000-7f0301c00000 ---p 00000000 00:00 0 
7f0301c00000-7f0301cfd000 rw-p 00000000 00:00 0 
7f0301cfd000-7f0301d01000 ---p 00000000 00:00 0 
7f0301d01000-7f0301dfe000 rw-p 00000000 00:00 0 
7f0301dfe000-7f0301e02000 ---p 00000000 00:00 0 
7f0301e02000-7f0301eff000 rw-p 00000000 00:00 0 
7f0301eff000-7f0301f03000 ---p 00000000 00:00 0 
7f0301f03000-7f0302800000 rw-p 00000000 00:00 0 
7f03028ce000-7f03028d2000 ---p 00000000 00:00 0 
7f03028d2000-7f03029cf000 rw-p 00000000 00:00 0 
7f03029cf000-7f03029d3000 ---p 00000000 00:00 0 
7f03029d3000-7f0302ad0000 rw-p 00000000 00:00 0 
7f0302ad0000-7f0310000000 r--p 00000000 00:21 1491508                    /usr/lib/locale/locale-archive
7f0310000000-7f0310021000 rw-p 00000000 00:00 0 
7f0310021000-7f0314000000 ---p 00000000 00:00 0 
7f0314000000-7f0314021000 rw-p 00000000 00:00 0 
7f0314021000-7f0318000000 ---p 00000000 00:00 0 
7f0318000000-7f0318021000 rw-p 00000000 00:00 0 
7f0318021000-7f031c000000 ---p 00000000 00:00 0 
7f031c000000-7f031c052000 rw-p 00000000 00:00 0 
7f031c052000-7f0320000000 ---p 00000000 00:00 0 
7f0320000000-7f0320021000 rw-p 00000000 00:00 0 
7f0320021000-7f0324000000 ---p 00000000 00:00 0 
7f0324000000-7f0324100000 rw-p 00000000 00:00 0 
7f0324100000-7f03241a0000 rw-p 00000000 00:00 0 
7f03241a0000-7f0324200000 ---p 00000000 00:00 0 
7f0324200000-7f0324800000 rw-p 00000000 00:00 0 
7f0324800000-7f0324c80000 rw-p 00000000 00:00 0 
7f0324c80000-7f0324d00000 rw-p 00000000 00:00 0 
7f0324d00000-7f0324f00000 rw-p 00000000 00:00 0 
7f0324f00000-7f0325000000 rw-p 00000000 00:00 0 
7f0325000000-7f0325500000 rw-p 00000000 00:00 0 
7f0325500000-7f0325600000 rw-p 00000000 00:00 0 
7f0325600000-7f0325800000 rw-p 00000000 00:00 0 
7f0325800000-7f0328000000 rw-p 00000000 00:00 0 
7f0328000000-7f0328021000 rw-p 00000000 00:00 0 
7f0328021000-7f032c000000 ---p 00000000 00:00 0 
7f032c000000-7f032c021000 rw-p 00000000 00:00 0 
7f032c021000-7f0330000000 ---p 00000000 00:00 0 
7f0330000000-7f0330021000 rw-p 00000000 00:00 0 
7f0330021000-7f0334000000 ---p 00000000 00:00 0 
7f03340ec000-7f03340f0000 ---p 00000000 00:00 0 
7f03340f0000-7f03341ed000 rw-p 00000000 00:00 0 
7f03341ed000-7f03341f1000 ---p 00000000 00:00 0 
7f03341f1000-7f03342ee000 rw-p 00000000 00:00 0 
7f03342ee000-7f03342ef000 ---p 00000000 00:00 0 
7f03342ef000-7f03343f0000 rw-p 00000000 00:00 0 
7f03343f0000-7f03343f4000 ---p 00000000 00:00 0 
7f03343f4000-7f03344f1000 rw-p 00000000 00:00 0 
7f03344f1000-7f03344f5000 ---p 00000000 00:00 0 
7f03344f5000-7f03345f2000 rw-p 00000000 00:00 0 
7f03345f2000-7f03345f6000 ---p 00000000 00:00 0 
7f03345f6000-7f03346f3000 rw-p 00000000 00:00 0 
7f03346f3000-7f03346f7000 ---p 00000000 00:00 0 
7f03346f7000-7f03347f4000 rw-p 00000000 00:00 0 
7f03347f4000-7f03347f5000 ---p 00000000 00:00 0 
7f03347f5000-7f03348f6000 rw-p 00000000 00:00 0 
7f03348f6000-7f03348fa000 ---p 00000000 00:00 0 
7f03348fa000-7f03349f7000 rw-p 00000000 00:00 0 
7f03349f7000-7f03349fb000 ---p 00000000 00:00 0 
7f03349fb000-7f0334af8000 rw-p 00000000 00:00 0 
7f0334af8000-7f0334af9000 ---p 00000000 00:00 0 
7f0334af9000-7f0334bfa000 rw-p 00000000 00:00 0 
7f0334bfa000-7f0334bfb000 ---p 00000000 00:00 0 
7f0334bfb000-7f0334cfc000 rw-p 00000000 00:00 0 
7f0334cfc000-7f0334d00000 ---p 00000000 00:00 0 
7f0334d00000-7f0334dfd000 rw-p 00000000 00:00 0 
7f0334dfd000-7f0334e01000 ---p 00000000 00:00 0 
7f0334e01000-7f0334efe000 rw-p 00000000 00:00 0 
7f0334efe000-7f0334eff000 ---p 00000000 00:00 0 
7f0334eff000-7f0335400000 rw-p 00000000 00:00 0 
7f0335400000-7f0335800000 rw-p 00000000 00:00 0 
7f033587a000-7f033587e000 ---p 00000000 00:00 0 
7f033587e000-7f0335a6f000 rw-p 00000000 00:00 0 
7f0335a6f000-7f0335b07000 ---p 00000000 00:00 0 
7f0335b07000-7f0335b23000 rw-p 00000000 00:00 0 
7f0335b23000-7f033782b000 ---p 00000000 00:00 0 
7f033782b000-7f0337927000 rw-p 00000000 00:00 0 
7f0337927000-7f03379bf000 ---p 00000000 00:00 0 
7f03379bf000-7f03379db000 rw-p 00000000 00:00 0 
7f03379db000-7f03396e3000 ---p 00000000 00:00 0 
7f03396e3000-7f03396eb000 rw-p 00000000 00:00 0 
7f03396eb000-7f033a0cb000 rwxp 00000000 00:00 0 
7f033a0cb000-7f033c6eb000 ---p 00000000 00:00 0 
7f033c6eb000-7f0344000000 r--s 00000000 00:21 2297473                    /usr/lib/jvm/jdk-17-oracle-x64/lib/modules
7f0344000000-7f034451e000 rw-p 00000000 00:00 0 
7f034451e000-7f0348000000 ---p 00000000 00:00 0 
7f034801a000-7f034801d000 r--p 00000000 00:21 1491785                    /usr/lib64/libnss_files-2.33.so
7f034801d000-7f0348024000 r-xp 00003000 00:21 1491785                    /usr/lib64/libnss_files-2.33.so
7f0348024000-7f0348026000 r--p 0000a000 00:21 1491785                    /usr/lib64/libnss_files-2.33.so
7f0348026000-7f0348027000 r--p 0000b000 00:21 1491785                    /usr/lib64/libnss_files-2.33.so
7f0348027000-7f034802e000 rw-p 00000000 00:00 0 
7f0348034000-7f034803b000 r--s 00000000 00:21 1492341                    /usr/lib64/gconv/gconv-modules.cache
7f034803b000-7f034803d000 r-xp 00000000 00:21 2297442                    /usr/lib/jvm/jdk-17-oracle-x64/lib/libextnet.so
7f034803d000-7f034803e000 r--p 00001000 00:21 2297442                    /usr/lib/jvm/jdk-17-oracle-x64/lib/libextnet.so
7f034803e000-7f034803f000 rw-p 00002000 00:21 2297442                    /usr/lib/jvm/jdk-17-oracle-x64/lib/libextnet.so
7f034803f000-7f034804c000 r-xp 00000000 00:21 2297471                    /usr/lib/jvm/jdk-17-oracle-x64/lib/libverify.so
7f034804c000-7f034804e000 r--p 0000c000 00:21 2297471                    /usr/lib/jvm/jdk-17-oracle-x64/lib/libverify.so
7f034804e000-7f034804f000 rw-p 0000e000 00:21 2297471                    /usr/lib/jvm/jdk-17-oracle-x64/lib/libverify.so
7f034804f000-7f0348055000 r-xp 00000000 00:21 2297461                    /usr/lib/jvm/jdk-17-oracle-x64/lib/libmanagement_ext.so
7f0348055000-7f0348056000 r--p 00005000 00:21 2297461                    /usr/lib/jvm/jdk-17-oracle-x64/lib/libmanagement_ext.so
7f0348056000-7f0348057000 rw-p 00006000 00:21 2297461                    /usr/lib/jvm/jdk-17-oracle-x64/lib/libmanagement_ext.so
7f0348057000-7f034805b000 r-xp 00000000 00:21 2297459                    /usr/lib/jvm/jdk-17-oracle-x64/lib/libmanagement.so
7f034805b000-7f034805c000 r--p 00003000 00:21 2297459                    /usr/lib/jvm/jdk-17-oracle-x64/lib/libmanagement.so
7f034805c000-7f034805d000 rw-p 00004000 00:21 2297459                    /usr/lib/jvm/jdk-17-oracle-x64/lib/libmanagement.so
7f034805d000-7f0348064000 r-xp 00000000 00:21 2297472                    /usr/lib/jvm/jdk-17-oracle-x64/lib/libzip.so
7f0348064000-7f0348065000 ---p 00007000 00:21 2297472                    /usr/lib/jvm/jdk-17-oracle-x64/lib/libzip.so
7f0348065000-7f0348066000 r--p 00007000 00:21 2297472                    /usr/lib/jvm/jdk-17-oracle-x64/lib/libzip.so
7f0348066000-7f0348067000 rw-p 00008000 00:21 2297472                    /usr/lib/jvm/jdk-17-oracle-x64/lib/libzip.so
7f0348067000-7f0348098000 rw-p 00000000 00:00 0 
7f0348098000-7f03480ad000 r-xp 00000000 00:21 2297463                    /usr/lib/jvm/jdk-17-oracle-x64/lib/libnet.so
7f03480ad000-7f03480ae000 ---p 00015000 00:21 2297463                    /usr/lib/jvm/jdk-17-oracle-x64/lib/libnet.so
7f03480ae000-7f03480af000 r--p 00015000 00:21 2297463                    /usr/lib/jvm/jdk-17-oracle-x64/lib/libnet.so
7f03480af000-7f03480b0000 rw-p 00016000 00:21 2297463                    /usr/lib/jvm/jdk-17-oracle-x64/lib/libnet.so
7f03480b0000-7f03480c3000 r-xp 00000000 00:21 2297464                    /usr/lib/jvm/jdk-17-oracle-x64/lib/libnio.so
7f03480c3000-7f03480c4000 r--p 00012000 00:21 2297464                    /usr/lib/jvm/jdk-17-oracle-x64/lib/libnio.so
7f03480c4000-7f03480c5000 rw-p 00013000 00:21 2297464                    /usr/lib/jvm/jdk-17-oracle-x64/lib/libnio.so
7f03480c5000-7f03480c9000 ---p 00000000 00:00 0 
7f03480c9000-7f03481c6000 rw-p 00000000 00:00 0 
7f03481c6000-7f03481ca000 ---p 00000000 00:00 0 
7f03481ca000-7f03482c7000 rw-p 00000000 00:00 0 
7f03482c7000-7f03482cb000 ---p 00000000 00:00 0 
7f03482cb000-7f03483c8000 rw-p 00000000 00:00 0 
7f03483c8000-7f03483cc000 ---p 00000000 00:00 0 
7f03483cc000-7f03484c9000 rw-p 00000000 00:00 0 
7f03484c9000-7f03484cd000 ---p 00000000 00:00 0 
7f03484cd000-7f03485ca000 rw-p 00000000 00:00 0 
7f03485ca000-7f03485ce000 ---p 00000000 00:00 0 
7f03485ce000-7f03486cb000 rw-p 00000000 00:00 0 
7f03486cb000-7f03486cf000 ---p 00000000 00:00 0 
7f03486cf000-7f03487cc000 rw-p 00000000 00:00 0 
7f03487cc000-7f03487cd000 ---p 00000000 00:00 0 
7f03487cd000-7f03488ce000 rw-p 00000000 00:00 0 
7f03488ce000-7f034899c000 r-xp 00000000 00:21 2297457                    /usr/lib/jvm/jdk-17-oracle-x64/lib/libjsvml.so
7f034899c000-7f034899d000 r--p 000cd000 00:21 2297457                    /usr/lib/jvm/jdk-17-oracle-x64/lib/libjsvml.so
7f034899d000-7f034899e000 rw-p 000ce000 00:21 2297457                    /usr/lib/jvm/jdk-17-oracle-x64/lib/libjsvml.so
7f034899e000-7f0348abb000 rw-p 00000000 00:00 0 
7f0348abb000-7f0348abc000 ---p 00000000 00:00 0 
7f0348abc000-7f0348bbd000 rw-p 00000000 00:00 0 
7f0348bbd000-7f0348bbe000 ---p 00000000 00:00 0 
7f0348bbe000-7f03490c3000 rw-p 00000000 00:00 0 
7f03490c3000-7f03490c4000 ---p 00000000 00:00 0 
7f03490c4000-7f03491c5000 rw-p 00000000 00:00 0 
7f03491c5000-7f03491c6000 ---p 00000000 00:00 0 
7f03491c6000-7f03492c7000 rw-p 00000000 00:00 0 
7f03492c7000-7f03492c8000 ---p 00000000 00:00 0 
7f03492c8000-7f034942a000 rw-p 00000000 00:00 0 
7f034942a000-7f034943c000 ---p 00000000 00:00 0 
7f034943c000-7f0349440000 rw-p 00000000 00:00 0 
7f0349440000-7f03497e1000 ---p 00000000 00:00 0 
7f03497e1000-7f0349801000 rw-p 00000000 00:00 0 
7f0349801000-7f0349813000 ---p 00000000 00:00 0 
7f0349813000-7f0349817000 rw-p 00000000 00:00 0 
7f0349817000-7f0349bb8000 ---p 00000000 00:00 0 
7f0349bb8000-7f0349bd8000 rw-p 00000000 00:00 0 
7f0349bd8000-7f0349bea000 ---p 00000000 00:00 0 
7f0349bea000-7f0349bee000 rw-p 00000000 00:00 0 
7f0349bee000-7f0349f8f000 ---p 00000000 00:00 0 
7f0349f8f000-7f034a3a8000 rw-p 00000000 00:00 0 
7f034a3a8000-7f034a3f4000 ---p 00000000 00:00 0 
7f034a3f4000-7f034a418000 r-xp 00000000 00:21 2297449                    /usr/lib/jvm/jdk-17-oracle-x64/lib/libjava.so
7f034a418000-7f034a419000 ---p 00024000 00:21 2297449                    /usr/lib/jvm/jdk-17-oracle-x64/lib/libjava.so
7f034a419000-7f034a41a000 r--p 00024000 00:21 2297449                    /usr/lib/jvm/jdk-17-oracle-x64/lib/libjava.so
7f034a41a000-7f034a41b000 rw-p 00025000 00:21 2297449                    /usr/lib/jvm/jdk-17-oracle-x64/lib/libjava.so
7f034a41b000-7f034a41c000 rw-p 00000000 00:00 0 
7f034a41c000-7f034a424000 rw-s 00000000 00:29 13178                      /tmp/hsperfdata_himanshudhankhar/658682
7f034a424000-7f034acf8000 r--s 00000000 00:21 2323627                    /var/lib/sss/mc/passwd
7f034acf8000-7f034ad13000 r-xp 00000000 00:21 2297453                    /usr/lib/jvm/jdk-17-oracle-x64/lib/libjimage.so
7f034ad13000-7f034ad14000 ---p 0001b000 00:21 2297453                    /usr/lib/jvm/jdk-17-oracle-x64/lib/libjimage.so
7f034ad14000-7f034ad16000 r--p 0001b000 00:21 2297453                    /usr/lib/jvm/jdk-17-oracle-x64/lib/libjimage.so
7f034ad16000-7f034ad17000 rw-p 0001d000 00:21 2297453                    /usr/lib/jvm/jdk-17-oracle-x64/lib/libjimage.so
7f034ad17000-7f034ad1b000 ---p 00000000 00:00 0 
7f034ad1b000-7f034ae18000 rw-p 00000000 00:00 0 
7f034ae18000-7f034ae27000 r--p 00000000 00:21 1491777                    /usr/lib64/libm-2.33.so
7f034ae27000-7f034aec1000 r-xp 0000f000 00:21 1491777                    /usr/lib64/libm-2.33.so
7f034aec1000-7f034af59000 r--p 000a9000 00:21 1491777                    /usr/lib64/libm-2.33.so
7f034af59000-7f034af5a000 ---p 00141000 00:21 1491777                    /usr/lib64/libm-2.33.so
7f034af5a000-7f034af5b000 r--p 00141000 00:21 1491777                    /usr/lib64/libm-2.33.so
7f034af5b000-7f034af5c000 rw-p 00142000 00:21 1491777                    /usr/lib64/libm-2.33.so
7f034af5c000-7f034af5f000 r--p 00000000 00:21 1491791                    /usr/lib64/librt-2.33.so
7f034af5f000-7f034af63000 r-xp 00003000 00:21 1491791                    /usr/lib64/librt-2.33.so
7f034af63000-7f034af65000 r--p 00007000 00:21 1491791                    /usr/lib64/librt-2.33.so
7f034af65000-7f034af66000 r--p 00008000 00:21 1491791                    /usr/lib64/librt-2.33.so
7f034af66000-7f034af67000 rw-p 00009000 00:21 1491791                    /usr/lib64/librt-2.33.so
7f034af67000-7f034c09a000 r-xp 00000000 00:21 2297485                    /usr/lib/jvm/jdk-17-oracle-x64/lib/server/libjvm.so
7f034c09a000-7f034c14f000 r--p 01132000 00:21 2297485                    /usr/lib/jvm/jdk-17-oracle-x64/lib/server/libjvm.so
7f034c14f000-7f034c182000 rw-p 011e7000 00:21 2297485                    /usr/lib/jvm/jdk-17-oracle-x64/lib/server/libjvm.so
7f034c182000-7f034c1de000 rw-p 00000000 00:00 0 
7f034c1de000-7f034c204000 r--p 00000000 00:21 1491773                    /usr/lib64/libc-2.33.so
7f034c204000-7f034c351000 r-xp 00026000 00:21 1491773                    /usr/lib64/libc-2.33.so
7f034c351000-7f034c39d000 r--p 00173000 00:21 1491773                    /usr/lib64/libc-2.33.so
7f034c39d000-7f034c39e000 ---p 001bf000 00:21 1491773                    /usr/lib64/libc-2.33.so
7f034c39e000-7f034c3a1000 r--p 001bf000 00:21 1491773                    /usr/lib64/libc-2.33.so
7f034c3a1000-7f034c3a4000 rw-p 001c2000 00:21 1491773                    /usr/lib64/libc-2.33.so
7f034c3a4000-7f034c3ad000 rw-p 00000000 00:00 0 
7f034c3ad000-7f034c3af000 r--p 00000000 00:21 1491775                    /usr/lib64/libdl-2.33.so
7f034c3af000-7f034c3b1000 r-xp 00002000 00:21 1491775                    /usr/lib64/libdl-2.33.so
7f034c3b1000-7f034c3b2000 r--p 00004000 00:21 1491775                    /usr/lib64/libdl-2.33.so
7f034c3b2000-7f034c3b3000 r--p 00004000 00:21 1491775                    /usr/lib64/libdl-2.33.so
7f034c3b3000-7f034c3b4000 rw-p 00000000 00:00 0 
7f034c3b4000-7f034c3bb000 r--p 00000000 00:21 1491787                    /usr/lib64/libpthread-2.33.so
7f034c3bb000-7f034c3ca000 r-xp 00007000 00:21 1491787                    /usr/lib64/libpthread-2.33.so
7f034c3ca000-7f034c3ce000 r--p 00016000 00:21 1491787                    /usr/lib64/libpthread-2.33.so
7f034c3ce000-7f034c3cf000 ---p 0001a000 00:21 1491787                    /usr/lib64/libpthread-2.33.so
7f034c3cf000-7f034c3d0000 r--p 0001a000 00:21 1491787                    /usr/lib64/libpthread-2.33.so
7f034c3d0000-7f034c3d1000 rw-p 0001b000 00:21 1491787                    /usr/lib64/libpthread-2.33.so
7f034c3d1000-7f034c3d5000 rw-p 00000000 00:00 0 
7f034c3d5000-7f034c3e4000 r-xp 00000000 00:21 2297454                    /usr/lib/jvm/jdk-17-oracle-x64/lib/libjli.so
7f034c3e4000-7f034c3e5000 r--p 0000e000 00:21 2297454                    /usr/lib/jvm/jdk-17-oracle-x64/lib/libjli.so
7f034c3e5000-7f034c3e6000 rw-p 0000f000 00:21 2297454                    /usr/lib/jvm/jdk-17-oracle-x64/lib/libjli.so
7f034c3e6000-7f034c3e9000 r--p 00000000 00:21 1205581                    /usr/lib64/libz.so.1.2.11
7f034c3e9000-7f034c3f7000 r-xp 00003000 00:21 1205581                    /usr/lib64/libz.so.1.2.11
7f034c3f7000-7f034c3fd000 r--p 00011000 00:21 1205581                    /usr/lib64/libz.so.1.2.11
7f034c3fd000-7f034c3fe000 ---p 00017000 00:21 1205581                    /usr/lib64/libz.so.1.2.11
7f034c3fe000-7f034c3ff000 r--p 00017000 00:21 1205581                    /usr/lib64/libz.so.1.2.11
7f034c3ff000-7f034c400000 rw-p 00000000 00:00 0 
7f034c401000-7f034c403000 r--p 00000000 00:21 1635349                    /usr/lib64/libnss_sss.so.2
7f034c403000-7f034c40a000 r-xp 00002000 00:21 1635349                    /usr/lib64/libnss_sss.so.2
7f034c40a000-7f034c40c000 r--p 00009000 00:21 1635349                    /usr/lib64/libnss_sss.so.2
7f034c40c000-7f034c40d000 r--p 0000a000 00:21 1635349                    /usr/lib64/libnss_sss.so.2
7f034c40d000-7f034c40e000 rw-p 0000b000 00:21 1635349                    /usr/lib64/libnss_sss.so.2
7f034c40e000-7f034c40f000 ---p 00000000 00:00 0 
7f034c40f000-7f034c410000 r--p 00000000 00:00 0 
7f034c410000-7f034c411000 ---p 00000000 00:00 0 
7f034c411000-7f034c413000 rw-p 00000000 00:00 0 
7f034c413000-7f034c414000 r--p 00000000 00:21 1491766                    /usr/lib64/ld-2.33.so
7f034c414000-7f034c439000 r-xp 00001000 00:21 1491766                    /usr/lib64/ld-2.33.so
7f034c439000-7f034c443000 r--p 00026000 00:21 1491766                    /usr/lib64/ld-2.33.so
7f034c443000-7f034c445000 r--p 0002f000 00:21 1491766                    /usr/lib64/ld-2.33.so
7f034c445000-7f034c447000 rw-p 00031000 00:21 1491766                    /usr/lib64/ld-2.33.so
7ffed0a9e000-7ffed0ac1000 rw-p 00000000 00:00 0                          [stack]
7ffed0bf1000-7ffed0bf5000 r--p 00000000 00:00 0                          [vvar]
7ffed0bf5000-7ffed0bf7000 r-xp 00000000 00:00 0                          [vdso]
ffffffffff600000-ffffffffff601000 r-xp 00000000 00:00 0                  [vsyscall]


VM Arguments:
jvm_args: -XX:TieredStopAtLevel=1 
java_command: com.example.storemonitoring.StoreMonitoringApplication
java_class_path (initial): /home/himanshudhankhar/development/spring/store-monitoring/target/classes:/home/himanshudhankhar/.m2/repository/org/springframework/spring-aop/6.0.6/spring-aop-6.0.6.jar:/home/himanshudhankhar/.m2/repository/org/aspectj/aspectjweaver/1.9.19/aspectjweaver-1.9.19.jar:/home/himanshudhankhar/.m2/repository/com/zaxxer/HikariCP/5.0.1/HikariCP-5.0.1.jar:/home/himanshudhankhar/.m2/repository/org/springframework/spring-jdbc/6.0.6/spring-jdbc-6.0.6.jar:/home/himanshudhankhar/.m2/repository/org/hibernate/orm/hibernate-core/6.1.7.Final/hibernate-core-6.1.7.Final.jar:/home/himanshudhankhar/.m2/repository/jakarta/persistence/jakarta.persistence-api/3.1.0/jakarta.persistence-api-3.1.0.jar:/home/himanshudhankhar/.m2/repository/jakarta/transaction/jakarta.transaction-api/2.0.1/jakarta.transaction-api-2.0.1.jar:/home/himanshudhankhar/.m2/repository/org/jboss/logging/jboss-logging/3.5.0.Final/jboss-logging-3.5.0.Final.jar:/home/himanshudhankhar/.m2/repository/org/hibernate/common/hibernate-commons-annotations/6.0.6.Final/hibernate-commons-annotations-6.0.6.Final.jar:/home/himanshudhankhar/.m2/repository/org/jboss/jandex/2.4.2.Final/jandex-2.4.2.Final.jar:/home/himanshudhankhar/.m2/repository/com/fasterxml/classmate/1.5.1/classmate-1.5.1.jar:/home/himanshudhankhar/.m2/repository/net/bytebuddy/byte-buddy/1.12.23/byte-buddy-1.12.23.jar:/home/himanshudhankhar/.m2/repository/org/glassfish/jaxb/jaxb-runtime/4.0.2/jaxb-runtime-4.0.2.jar:/home/himanshudhankhar/.m2/repository/org/glassfish/jaxb/jaxb-core/4.0.2/jaxb-core-4.0.2.jar:/home/himanshudhankhar/.m2/repository/org/eclipse/angus/angus-activation/2.0.0/angus-activation-2.0.0.jar:/home/himanshudhankhar/.m2/repository/org/glassfish/jaxb/txw2/4.0.2/txw2-4.0.2.jar:/home/himanshudhankhar/.m2/repository/com/sun/istack/istack-commons-runtime/4.1.1/istack-commons-runtime-4.1.1.jar:/home/himanshudhankhar/.m2/repository/jakarta/inject/jakarta.inject-api/2.0.0/jakarta.inject-api-2.0.0.jar:/home/himanshudhankhar/.m2/repos
Launcher Type: SUN_STANDARD

[Global flags]
     intx CICompilerCount                          = 3                                         {product} {ergonomic}
     uint ConcGCThreads                            = 1                                         {product} {ergonomic}
     uint G1ConcRefinementThreads                  = 4                                         {product} {ergonomic}
   size_t G1HeapRegionSize                         = 1048576                                   {product} {ergonomic}
    uintx GCDrainStackTargetSize                   = 64                                        {product} {ergonomic}
   size_t InitialHeapSize                          = 130023424                                 {product} {ergonomic}
   size_t MarkStackSize                            = 4194304                                   {product} {ergonomic}
   size_t MaxHeapSize                              = 2061500416                                {product} {ergonomic}
   size_t MaxNewSize                               = 1236271104                                {product} {ergonomic}
   size_t MinHeapDeltaBytes                        = 1048576                                   {product} {ergonomic}
   size_t MinHeapSize                              = 8388608                                   {product} {ergonomic}
    uintx NonProfiledCodeHeapSize                  = 0                                      {pd product} {ergonomic}
     bool ProfileInterpreter                       = false                                  {pd product} {command line}
    uintx ProfiledCodeHeapSize                     = 0                                      {pd product} {ergonomic}
   size_t SoftMaxHeapSize                          = 2061500416                             {manageable} {ergonomic}
     intx TieredStopAtLevel                        = 1                                         {product} {command line}
     bool UseCompressedClassPointers               = true                           {product lp64_product} {ergonomic}
     bool UseCompressedOops                        = true                           {product lp64_product} {ergonomic}
     bool UseG1GC                                  = true                                      {product} {ergonomic}

Logging:
Log output configuration:
 #0: stdout all=warning uptime,level,tags
 #1: stderr all=off uptime,level,tags

Environment Variables:
JAVA_HOME=/usr/java/jdk-17
PATH=/usr/java/jdk-17/bin:/path/to/ng:/home/himanshudhankhar/.rbenv/plugins/ruby-build/bin:/home/himanshudhankhar/.rbenv/shims:/home/himanshudhankhar/.rbenv/bin:/usr/java/jdk-17/bin:/path/to/ng:/home/himanshudhankhar/.rbenv/plugins/ruby-build/bin:/home/himanshudhankhar/.rbenv/shims:/home/himanshudhankhar/.rbenv/bin:/usr/java/jdk-17/bin:/path/to/ng:/home/himanshudhankhar/.rvm/gems/ruby-2.7.0/bin:/home/himanshudhankhar/.rvm/gems/ruby-2.7.0@global/bin:/home/himanshudhankhar/.rvm/rubies/ruby-2.7.0/bin:/home/himanshudhankhar/.rbenv/plugins/ruby-build/bin:/home/himanshudhankhar/.rbenv/shims:/home/himanshudhankhar/.rbenv/bin:/home/himanshudhankhar/.local/bin:/home/himanshudhankhar/bin:/usr/local/bin:/usr/local/sbin:/usr/bin:/usr/sbin:/var/lib/snapd/snap/bin:/home/himanshudhankhar/.composer/vendor/bin:/home/himanshudhankhar/.rvm/bin:/home/himanshudhankhar/.rvm/bin:/home/himanshudhankhar/.local/share/JetBrains/Toolbox/scripts:/home/himanshudhankhar/.rvm/bin:/home/himanshudhankhar/.rvm/bin
USERNAME=himanshudhankhar
SHELL=/bin/bash
DISPLAY=:0
LANG=en_US.UTF-8

Signal Handlers:
   SIGSEGV: crash_handler in libjvm.so, mask=11100100010111111101111111111110, flags=SA_RESTART|SA_SIGINFO
    SIGBUS: crash_handler in libjvm.so, mask=11100100010111111101111111111110, flags=SA_RESTART|SA_SIGINFO
    SIGFPE: crash_handler in libjvm.so, mask=11100100010111111101111111111110, flags=SA_RESTART|SA_SIGINFO
   SIGPIPE: javaSignalHandler in libjvm.so, mask=11100100010111111101111111111110, flags=SA_RESTART|SA_SIGINFO
   SIGXFSZ: javaSignalHandler in libjvm.so, mask=11100100010111111101111111111110, flags=SA_RESTART|SA_SIGINFO
    SIGILL: crash_handler in libjvm.so, mask=11100100010111111101111111111110, flags=SA_RESTART|SA_SIGINFO
   SIGUSR2: SR_handler in libjvm.so, mask=00100000000000000000000000000000, flags=SA_RESTART|SA_SIGINFO
    SIGHUP: UserHandler in libjvm.so, mask=11100100010111111101111111111110, flags=SA_RESTART|SA_SIGINFO
    SIGINT: UserHandler in libjvm.so, mask=11100100010111111101111111111110, flags=SA_RESTART|SA_SIGINFO
   SIGTERM: UserHandler in libjvm.so, mask=11100100010111111101111111111110, flags=SA_RESTART|SA_SIGINFO
   SIGQUIT: UserHandler in libjvm.so, mask=11100100010111111101111111111110, flags=SA_RESTART|SA_SIGINFO
   SIGTRAP: crash_handler in libjvm.so, mask=11100100010111111101111111111110, flags=SA_RESTART|SA_SIGINFO


---------------  S Y S T E M  ---------------

OS:
Fedora release 34 (Thirty Four)
uname: Linux 5.14.18-200.fc34.x86_64 #1 SMP Fri Nov 12 16:48:10 UTC 2021 x86_64
OS uptime: 16 days 11:13 hours
libc: glibc 2.33 NPTL 2.33 
rlimit (soft/hard): STACK 8192k/infinity , CORE infinity/infinity , NPROC 31286/31286 , NOFILE 524288/524288 , AS infinity/infinity , CPU infinity/infinity , DATA infinity/infinity , FSIZE infinity/infinity , MEMLOCK 64k/64k
load average: 1.30 0.66 0.57

/proc/meminfo:
MemTotal:        8050496 kB
MemFree:          127548 kB
MemAvailable:     765780 kB
Buffers:              52 kB
Cached:          1203480 kB
SwapCached:        15420 kB
Active:          2386772 kB
Inactive:        2841648 kB
Active(anon):    1896976 kB
Inactive(anon):  2523828 kB
Active(file):     489796 kB
Inactive(file):   317820 kB
Unevictable:       48392 kB
Mlocked:            5756 kB
SwapTotal:       8049660 kB
SwapFree:        1838852 kB
Dirty:              1504 kB
Writeback:             0 kB
AnonPages:       4059968 kB
Mapped:           454008 kB
Shmem:            393704 kB
KReclaimable:     110760 kB
Slab:             383008 kB
SReclaimable:     110760 kB
SUnreclaim:       272248 kB
KernelStack:       30992 kB
PageTables:       120540 kB
NFS_Unstable:          0 kB
Bounce:                0 kB
WritebackTmp:          0 kB
CommitLimit:    12074908 kB
Committed_AS:   32135808 kB
VmallocTotal:   34359738367 kB
VmallocUsed:      104928 kB
VmallocChunk:          0 kB
Percpu:             5680 kB
HardwareCorrupted:     0 kB
AnonHugePages:         0 kB
ShmemHugePages:        0 kB
ShmemPmdMapped:        0 kB
FileHugePages:         0 kB
FilePmdMapped:         0 kB
CmaTotal:              0 kB
CmaFree:               0 kB
HugePages_Total:       0
HugePages_Free:        0
HugePages_Rsvd:        0
HugePages_Surp:        0
Hugepagesize:       2048 kB
Hugetlb:               0 kB
DirectMap4k:     1073020 kB
DirectMap2M:     7235584 kB
DirectMap1G:     1048576 kB

/sys/kernel/mm/transparent_hugepage/enabled: always [madvise] never
/sys/kernel/mm/transparent_hugepage/defrag (defrag/compaction efforts parameter): always defer defer+madvise [madvise] never

Process Memory:
Virtual Size: 5753544K (peak: 5795036K)
Resident Set Size: 196680K (peak: 199012K) (anon: 177084K, file: 19564K, shmem: 32K)
Swapped out: 5352K
C-Heap outstanding allocations: 44894K, retained: 4649K

/proc/sys/kernel/threads-max (system-wide limit on the number of threads): 62573
/proc/sys/vm/max_map_count (maximum number of memory map areas a process may have): 65530
/proc/sys/kernel/pid_max (system-wide limit on number of process identifiers): 4194304

container (cgroup) information:
container_type: cgroupv2
cpu_cpuset_cpus: not supported
cpu_memory_nodes: not supported
active_processor_count: 4
cpu_quota: no quota
cpu_period: 100000
cpu_shares: no shares
memory_limit_in_bytes: unlimited
memory_and_swap_limit_in_bytes: unlimited
memory_soft_limit_in_bytes: unlimited
memory_usage_in_bytes: 2194739200
memory_max_usage_in_bytes: not supported
maximum number of tasks: 9385
current number of tasks: 327

Steal ticks since vm start: 0
Steal ticks percentage since vm start:  0.000

CPU: total 4 (initial active 4) (2 cores per cpu, 2 threads per core) family 6 model 69 stepping 1 microcode 0x26, cx8, cmov, fxsr, ht, mmx, sse, sse2, sse3, ssse3, sse4.1, sse4.2, popcnt, lzcnt, tsc, tscinvbit, avx, avx2, aes, erms, clmul, bmi1, bmi2, fma, vzeroupper, clflush
CPU Model and flags from /proc/cpuinfo:
model name	: Intel(R) Core(TM) i5-4210U CPU @ 1.70GHz
flags		: fpu vme de pse tsc msr pae mce cx8 apic sep mtrr pge mca cmov pat pse36 clflush dts acpi mmx fxsr sse sse2 ss ht tm pbe syscall nx pdpe1gb rdtscp lm constant_tsc arch_perfmon pebs bts rep_good nopl xtopology nonstop_tsc cpuid aperfmperf pni pclmulqdq dtes64 monitor ds_cpl vmx est tm2 ssse3 sdbg fma cx16 xtpr pdcm pcid sse4_1 sse4_2 movbe popcnt tsc_deadline_timer aes xsave avx f16c rdrand lahf_lm abm cpuid_fault epb invpcid_single pti ssbd ibrs ibpb stibp tpr_shadow vnmi flexpriority ept vpid ept_ad fsgsbase tsc_adjust bmi1 avx2 smep bmi2 erms invpcid xsaveopt dtherm ida arat pln pts md_clear flush_l1d

Online cpus: 0-3
Offline cpus: 
BIOS frequency limitation: <Not Available>
Frequency switch latency (ns): 20000
Available cpu frequencies: <Not Available>
Current governor: schedutil
Core performance/turbo boost: <Not Available>

Memory: 4k page, physical 8050496k(127548k free), swap 8049660k(1838852k free)
Page Sizes: 4k

vm_info: Java HotSpot(TM) 64-Bit Server VM (17.0.6+9-LTS-190) for linux-amd64 JRE (17.0.6+9-LTS-190), built on Dec  6 2022 15:46:54 by "mach5one" with gcc 10.3.0

END.
